wandb: WARNING `resume` will be ignored since W&B syncing is set to `offline`. Starting a new run with run id hcp.
wandb: W&B syncing is set to `offline` in this directory.  
wandb: Run `wandb online` or set WANDB_MODE=online to enable cloud syncing.
[INFO] Start training 'hcp'...
[INFO] Loading dataset DATASET_NAME...
Loading images...:   0% 0/51 [00:00<?, ?it/s]Loading images...:   2% 1/51 [00:00<00:16,  3.08it/s]Loading images...:   4% 2/51 [00:00<00:12,  3.89it/s]Loading images...:   6% 3/51 [00:00<00:11,  4.28it/s]Loading images...:   8% 4/51 [00:00<00:10,  4.52it/s]Loading images...:  10% 5/51 [00:01<00:09,  4.63it/s]Loading images...:  12% 6/51 [00:01<00:09,  4.76it/s]Loading images...:  14% 7/51 [00:01<00:09,  4.84it/s]Loading images...:  16% 8/51 [00:01<00:08,  4.90it/s]Loading images...:  18% 9/51 [00:01<00:08,  4.97it/s]Loading images...:  20% 10/51 [00:02<00:08,  5.05it/s]Loading images...:  22% 11/51 [00:02<00:07,  5.08it/s]Loading images...:  24% 12/51 [00:02<00:07,  5.12it/s]Loading images...:  25% 13/51 [00:02<00:07,  5.15it/s]Loading images...:  27% 14/51 [00:02<00:07,  5.18it/s]Loading images...:  29% 15/51 [00:03<00:06,  5.19it/s]Loading images...:  31% 16/51 [00:03<00:06,  5.16it/s]Loading images...:  33% 17/51 [00:03<00:06,  5.17it/s]Loading images...:  35% 18/51 [00:03<00:06,  5.18it/s]Loading images...:  37% 19/51 [00:03<00:06,  5.19it/s]Loading images...:  39% 20/51 [00:04<00:05,  5.21it/s]Loading images...:  41% 21/51 [00:04<00:05,  5.23it/s]Loading images...:  43% 22/51 [00:04<00:05,  5.26it/s]Loading images...:  45% 23/51 [00:04<00:05,  5.29it/s]Loading images...:  47% 24/51 [00:04<00:05,  5.27it/s]Loading images...:  49% 25/51 [00:05<00:04,  5.26it/s]Loading images...:  51% 26/51 [00:05<00:04,  5.26it/s]Loading images...:  53% 27/51 [00:05<00:04,  5.12it/s]Loading images...:  55% 28/51 [00:05<00:04,  5.14it/s]Loading images...:  57% 29/51 [00:05<00:04,  5.18it/s]Loading images...:  59% 30/51 [00:05<00:04,  5.19it/s]Loading images...:  61% 31/51 [00:06<00:03,  5.22it/s]Loading images...:  63% 32/51 [00:06<00:03,  5.23it/s]Loading images...:  65% 33/51 [00:06<00:03,  5.23it/s]Loading images...:  67% 34/51 [00:06<00:03,  5.26it/s]Loading images...:  69% 35/51 [00:06<00:03,  5.29it/s]Loading images...:  71% 36/51 [00:07<00:02,  5.27it/s]Loading images...:  73% 37/51 [00:07<00:02,  5.26it/s]Loading images...:  75% 38/51 [00:07<00:02,  5.30it/s]Loading images...:  76% 39/51 [00:07<00:02,  5.30it/s]Loading images...:  78% 40/51 [00:07<00:02,  5.28it/s]Loading images...:  80% 41/51 [00:08<00:01,  5.26it/s]Loading images...:  82% 42/51 [00:08<00:01,  5.28it/s]Loading images...:  84% 43/51 [00:08<00:01,  5.30it/s]Loading images...:  86% 44/51 [00:08<00:01,  5.27it/s]Loading images...:  88% 45/51 [00:08<00:01,  5.25it/s]Loading images...:  90% 46/51 [00:09<00:00,  5.27it/s]Loading images...:  92% 47/51 [00:09<00:00,  5.28it/s]Loading images...:  94% 48/51 [00:09<00:00,  5.21it/s]Loading images...:  96% 49/51 [00:09<00:00,  5.24it/s]Loading images...:  98% 50/51 [00:09<00:00,  5.25it/s]Loading images...: 100% 51/51 [00:09<00:00,  5.27it/s]Loading images...: 100% 51/51 [00:09<00:00,  5.12it/s]
Loading voxelized meshes...: 0it [00:00, ?it/s]Loading voxelized meshes...: 0it [00:00, ?it/s]
Loading meshes...:   0% 0/51 [00:00<?, ?it/s]Loading meshes...:   2% 1/51 [00:00<00:21,  2.35it/s]Loading meshes...:   4% 2/51 [00:00<00:13,  3.68it/s]Loading meshes...:   6% 3/51 [00:00<00:10,  4.43it/s]Loading meshes...:   8% 4/51 [00:00<00:09,  4.92it/s]Loading meshes...:  10% 5/51 [00:01<00:08,  5.66it/s]Loading meshes...:  12% 6/51 [00:01<00:07,  5.94it/s]Loading meshes...:  14% 7/51 [00:01<00:07,  5.96it/s]Loading meshes...:  16% 8/51 [00:01<00:06,  6.42it/s]Loading meshes...:  18% 9/51 [00:01<00:06,  6.76it/s]Loading meshes...:  20% 10/51 [00:01<00:06,  6.49it/s]Loading meshes...:  22% 11/51 [00:02<00:06,  5.95it/s]Loading meshes...:  24% 12/51 [00:02<00:06,  5.77it/s]Loading meshes...:  25% 13/51 [00:02<00:06,  5.74it/s]Loading meshes...:  27% 14/51 [00:02<00:06,  5.73it/s]Loading meshes...:  29% 15/51 [00:02<00:06,  5.76it/s]Loading meshes...:  31% 16/51 [00:02<00:05,  6.02it/s]Loading meshes...:  33% 17/51 [00:03<00:05,  6.18it/s]Loading meshes...:  35% 18/51 [00:03<00:05,  6.42it/s]Loading meshes...:  37% 19/51 [00:03<00:04,  6.47it/s]Loading meshes...:  39% 20/51 [00:03<00:04,  6.41it/s]Loading meshes...:  41% 21/51 [00:03<00:04,  6.40it/s]Loading meshes...:  43% 22/51 [00:03<00:04,  6.44it/s]Loading meshes...:  45% 23/51 [00:03<00:04,  6.31it/s]Loading meshes...:  47% 24/51 [00:04<00:04,  6.09it/s]Loading meshes...:  49% 25/51 [00:04<00:04,  6.10it/s]Loading meshes...:  51% 26/51 [00:04<00:04,  5.90it/s]Loading meshes...:  53% 27/51 [00:04<00:03,  6.14it/s]Loading meshes...:  55% 28/51 [00:04<00:03,  6.49it/s]Loading meshes...:  57% 29/51 [00:04<00:03,  6.54it/s]Loading meshes...:  59% 30/51 [00:05<00:03,  6.77it/s]Loading meshes...:  61% 31/51 [00:05<00:03,  5.97it/s]Loading meshes...:  63% 32/51 [00:05<00:03,  6.00it/s]Loading meshes...:  65% 33/51 [00:05<00:03,  5.71it/s]Loading meshes...:  67% 34/51 [00:05<00:02,  5.75it/s]Loading meshes...:  69% 35/51 [00:05<00:02,  5.68it/s]Loading meshes...:  71% 36/51 [00:06<00:02,  5.38it/s]Loading meshes...:  73% 37/51 [00:06<00:02,  5.79it/s]Loading meshes...:  75% 38/51 [00:06<00:02,  5.63it/s]Loading meshes...:  76% 39/51 [00:06<00:02,  5.92it/s]Loading meshes...:  78% 40/51 [00:06<00:01,  5.60it/s]Loading meshes...:  80% 41/51 [00:07<00:01,  5.41it/s]Loading meshes...:  82% 42/51 [00:07<00:01,  5.81it/s]Loading meshes...:  84% 43/51 [00:07<00:01,  5.92it/s]Loading meshes...:  86% 44/51 [00:07<00:01,  6.10it/s]Loading meshes...:  88% 45/51 [00:07<00:00,  6.12it/s]Loading meshes...:  90% 46/51 [00:07<00:00,  5.92it/s]Loading meshes...:  92% 47/51 [00:08<00:00,  5.80it/s]Loading meshes...:  94% 48/51 [00:08<00:00,  6.02it/s]Loading meshes...:  96% 49/51 [00:08<00:00,  6.15it/s]Loading meshes...:  98% 50/51 [00:08<00:00,  5.96it/s]Loading meshes...: 100% 51/51 [00:08<00:00,  5.78it/s]Loading meshes...: 100% 51/51 [00:08<00:00,  5.86it/s]
Transform meshes accordingly...: 0it [00:00, ?it/s]Transform meshes accordingly...: 1it [00:00,  3.72it/s]Transform meshes accordingly...: 2it [00:00,  4.04it/s]Transform meshes accordingly...: 3it [00:00,  4.23it/s]Transform meshes accordingly...: 4it [00:00,  4.15it/s]Transform meshes accordingly...: 5it [00:01,  4.56it/s]Transform meshes accordingly...: 6it [00:01,  4.72it/s]Transform meshes accordingly...: 7it [00:01,  4.63it/s]Transform meshes accordingly...: 8it [00:01,  4.99it/s]Transform meshes accordingly...: 9it [00:01,  5.19it/s]Transform meshes accordingly...: 10it [00:02,  4.97it/s]Transform meshes accordingly...: 11it [00:02,  4.73it/s]Transform meshes accordingly...: 12it [00:02,  4.59it/s]Transform meshes accordingly...: 13it [00:02,  4.48it/s]Transform meshes accordingly...: 14it [00:03,  4.42it/s]Transform meshes accordingly...: 15it [00:03,  4.39it/s]Transform meshes accordingly...: 16it [00:03,  4.56it/s]Transform meshes accordingly...: 17it [00:03,  4.68it/s]Transform meshes accordingly...: 18it [00:03,  4.90it/s]Transform meshes accordingly...: 19it [00:04,  4.91it/s]Transform meshes accordingly...: 20it [00:04,  4.90it/s]Transform meshes accordingly...: 21it [00:04,  4.85it/s]Transform meshes accordingly...: 22it [00:04,  4.82it/s]Transform meshes accordingly...: 23it [00:04,  4.70it/s]Transform meshes accordingly...: 24it [00:05,  4.49it/s]Transform meshes accordingly...: 25it [00:05,  4.58it/s]Transform meshes accordingly...: 26it [00:05,  4.48it/s]Transform meshes accordingly...: 27it [00:05,  4.66it/s]Transform meshes accordingly...: 28it [00:06,  4.87it/s]Transform meshes accordingly...: 29it [00:06,  4.95it/s]Transform meshes accordingly...: 30it [00:06,  5.11it/s]Transform meshes accordingly...: 31it [00:06,  4.53it/s]Transform meshes accordingly...: 32it [00:06,  4.50it/s]Transform meshes accordingly...: 33it [00:07,  4.32it/s]Transform meshes accordingly...: 34it [00:07,  4.39it/s]Transform meshes accordingly...: 35it [00:07,  4.30it/s]Transform meshes accordingly...: 36it [00:07,  4.07it/s]Transform meshes accordingly...: 37it [00:08,  4.42it/s]Transform meshes accordingly...: 38it [00:08,  4.30it/s]Transform meshes accordingly...: 39it [00:08,  4.48it/s]Transform meshes accordingly...: 40it [00:08,  4.19it/s]Transform meshes accordingly...: 41it [00:09,  4.06it/s]Transform meshes accordingly...: 42it [00:09,  4.33it/s]Transform meshes accordingly...: 43it [00:09,  4.37it/s]Transform meshes accordingly...: 44it [00:09,  4.52it/s]Transform meshes accordingly...: 45it [00:09,  4.55it/s]Transform meshes accordingly...: 46it [00:10,  4.55it/s]Transform meshes accordingly...: 47it [00:10,  4.43it/s]Transform meshes accordingly...: 48it [00:10,  4.61it/s]Transform meshes accordingly...: 49it [00:10,  4.65it/s]Transform meshes accordingly...: 50it [00:10,  4.60it/s]Transform meshes accordingly...: 51it [00:11,  4.52it/s]Transform meshes accordingly...: 51it [00:11,  4.55it/s]
Voxelize meshes...:   0% 0/51 [00:00<?, ?it/s]Voxelize meshes...:   2% 1/51 [00:06<05:11,  6.22s/it]Voxelize meshes...:   4% 2/51 [00:12<04:58,  6.09s/it]Voxelize meshes...:   6% 3/51 [00:17<04:44,  5.94s/it]Voxelize meshes...:   8% 4/51 [00:23<04:33,  5.82s/it]Voxelize meshes...:  10% 5/51 [00:28<04:17,  5.60s/it]Voxelize meshes...:  12% 6/51 [00:34<04:08,  5.52s/it]Voxelize meshes...:  14% 7/51 [00:39<04:04,  5.57s/it]Voxelize meshes...:  16% 8/51 [00:44<03:53,  5.43s/it]Voxelize meshes...:  18% 9/51 [00:50<03:44,  5.34s/it]Voxelize meshes...:  20% 10/51 [00:55<03:43,  5.46s/it]Voxelize meshes...:  22% 11/51 [01:01<03:46,  5.67s/it]Voxelize meshes...:  24% 12/51 [01:07<03:44,  5.77s/it]Voxelize meshes...:  25% 13/51 [01:14<03:42,  5.86s/it]Voxelize meshes...:  27% 14/51 [01:19<03:35,  5.82s/it]Voxelize meshes...:  29% 15/51 [01:25<03:29,  5.81s/it]Voxelize meshes...:  31% 16/51 [01:31<03:24,  5.85s/it]Voxelize meshes...:  33% 17/51 [01:36<03:13,  5.69s/it]Voxelize meshes...:  35% 18/51 [01:42<03:05,  5.63s/it]Voxelize meshes...:  37% 19/51 [01:47<03:00,  5.63s/it]Voxelize meshes...:  39% 20/51 [01:53<02:53,  5.60s/it]Voxelize meshes...:  41% 21/51 [01:59<02:48,  5.63s/it]Voxelize meshes...:  43% 22/51 [02:04<02:41,  5.58s/it]Voxelize meshes...:  45% 23/51 [02:10<02:41,  5.76s/it]Voxelize meshes...:  47% 24/51 [02:16<02:36,  5.81s/it]Voxelize meshes...:  49% 25/51 [02:22<02:30,  5.79s/it]Voxelize meshes...:  51% 26/51 [02:28<02:23,  5.76s/it]Voxelize meshes...:  53% 27/51 [02:33<02:16,  5.68s/it]Voxelize meshes...:  55% 28/51 [02:38<02:07,  5.53s/it]Voxelize meshes...:  57% 29/51 [02:44<02:01,  5.53s/it]Voxelize meshes...:  59% 30/51 [02:49<01:53,  5.43s/it]Voxelize meshes...:  61% 31/51 [02:56<01:55,  5.79s/it]Voxelize meshes...:  63% 32/51 [03:02<01:50,  5.79s/it]Voxelize meshes...:  65% 33/51 [03:08<01:46,  5.91s/it]Voxelize meshes...:  67% 34/51 [03:14<01:40,  5.89s/it]Voxelize meshes...:  69% 35/51 [03:20<01:35,  5.94s/it]Voxelize meshes...:  71% 36/51 [03:26<01:30,  6.04s/it]Voxelize meshes...:  73% 37/51 [03:31<01:21,  5.81s/it]Voxelize meshes...:  75% 38/51 [03:37<01:15,  5.82s/it]Voxelize meshes...:  76% 39/51 [03:43<01:09,  5.80s/it]Voxelize meshes...:  78% 40/51 [03:49<01:05,  5.96s/it]Voxelize meshes...:  80% 41/51 [03:55<01:00,  6.00s/it]Voxelize meshes...:  82% 42/51 [04:01<00:53,  5.95s/it]Voxelize meshes...:  84% 43/51 [04:07<00:46,  5.84s/it]Voxelize meshes...:  86% 44/51 [04:12<00:40,  5.84s/it]Voxelize meshes...:  88% 45/51 [04:19<00:35,  5.92s/it]Voxelize meshes...:  90% 46/51 [04:24<00:29,  5.88s/it]Voxelize meshes...:  92% 47/51 [04:31<00:23,  6.00s/it]Voxelize meshes...:  94% 48/51 [04:36<00:17,  5.77s/it]Voxelize meshes...:  96% 49/51 [04:42<00:11,  5.77s/it]Voxelize meshes...:  98% 50/51 [04:47<00:05,  5.73s/it]Voxelize meshes...: 100% 51/51 [04:53<00:00,  5.83s/it]Voxelize meshes...: 100% 51/51 [04:53<00:00,  5.76s/it]
Get point labels from meshes...: 0it [00:00, ?it/s]Get point labels from meshes...: 1it [00:00,  1.07it/s]Get point labels from meshes...: 2it [00:01,  1.21it/s]Get point labels from meshes...: 3it [00:02,  1.27it/s]Get point labels from meshes...: 4it [00:03,  1.30it/s]Get point labels from meshes...: 5it [00:03,  1.44it/s]Get point labels from meshes...: 6it [00:04,  1.46it/s]Get point labels from meshes...: 7it [00:05,  1.42it/s]Get point labels from meshes...: 8it [00:05,  1.51it/s]Get point labels from meshes...: 9it [00:06,  1.55it/s]Get point labels from meshes...: 10it [00:07,  1.47it/s]Get point labels from meshes...: 11it [00:07,  1.40it/s]Get point labels from meshes...: 12it [00:08,  1.36it/s]Get point labels from meshes...: 13it [00:09,  1.33it/s]Get point labels from meshes...: 14it [00:10,  1.32it/s]Get point labels from meshes...: 15it [00:10,  1.31it/s]Get point labels from meshes...: 16it [00:11,  1.35it/s]Get point labels from meshes...: 17it [00:12,  1.39it/s]Get point labels from meshes...: 18it [00:12,  1.45it/s]Get point labels from meshes...: 19it [00:13,  1.44it/s]Get point labels from meshes...: 20it [00:14,  1.44it/s]Get point labels from meshes...: 21it [00:15,  1.43it/s]Get point labels from meshes...: 22it [00:15,  1.44it/s]Get point labels from meshes...: 23it [00:16,  1.41it/s]Get point labels from meshes...: 24it [00:17,  1.36it/s]Get point labels from meshes...: 25it [00:17,  1.38it/s]Get point labels from meshes...: 26it [00:18,  1.34it/s]Get point labels from meshes...: 27it [00:19,  1.38it/s]Get point labels from meshes...: 28it [00:20,  1.46it/s]Get point labels from meshes...: 29it [00:20,  1.47it/s]Get point labels from meshes...: 30it [00:21,  1.52it/s]Get point labels from meshes...: 31it [00:22,  1.35it/s]Get point labels from meshes...: 32it [00:23,  1.35it/s]Get point labels from meshes...: 33it [00:23,  1.29it/s]Get point labels from meshes...: 34it [00:24,  1.32it/s]Get point labels from meshes...: 35it [00:25,  1.27it/s]Get point labels from meshes...: 36it [00:26,  1.21it/s]Get point labels from meshes...: 37it [00:26,  1.30it/s]Get point labels from meshes...: 38it [00:27,  1.26it/s]Get point labels from meshes...: 39it [00:28,  1.31it/s]Get point labels from meshes...: 40it [00:29,  1.21it/s]Get point labels from meshes...: 41it [00:30,  1.17it/s]Get point labels from meshes...: 42it [00:31,  1.25it/s]Get point labels from meshes...: 43it [00:31,  1.28it/s]Get point labels from meshes...: 44it [00:32,  1.33it/s]Get point labels from meshes...: 45it [00:33,  1.33it/s]Get point labels from meshes...: 46it [00:34,  1.33it/s]Get point labels from meshes...: 47it [00:34,  1.30it/s]Get point labels from meshes...: 48it [00:35,  1.36it/s]Get point labels from meshes...: 49it [00:36,  1.37it/s]Get point labels from meshes...: 50it [00:36,  1.35it/s]Get point labels from meshes...: 51it [00:37,  1.34it/s]Get point labels from meshes...: 51it [00:37,  1.35it/s]
Loading images...:   0% 0/5 [00:00<?, ?it/s]Loading images...:  20% 1/5 [00:00<00:00,  5.23it/s]Loading images...:  40% 2/5 [00:00<00:00,  5.58it/s]Loading images...:  40% 2/5 [00:00<00:00,  5.52it/s]
Traceback (most recent call last):
  File "/home/users/washbee1/.local/lib/python3.7/site-packages/nibabel/loadsave.py", line 42, in load
    stat_result = os.stat(filename)
NotADirectoryError: [Errno 20] Not a directory: '/v2c/CSR_subset/test_ids.txt/mri.nii.gz'

During handling of the above exception, another exception occurred:

Traceback (most recent call last):
  File "main.py", line 260, in <module>
    main(hyper_ps)
  File "main.py", line 256, in main
    loglevel=hps['LOGLEVEL'], resume=args.resume)
  File "/v2c/vox2cortex/utils/train.py", line 496, in training_routine
    **hps_lower
  File "/v2c/vox2cortex/data/cortex.py", line 586, in split
    **kwargs)
  File "/v2c/vox2cortex/data/cortex.py", line 235, in __init__
    self._prepare_data_3D()
  File "/v2c/vox2cortex/data/cortex.py", line 268, in _prepare_data_3D
    self.img_filename, is_label=False
  File "/v2c/vox2cortex/data/cortex.py", line 763, in _load_data3D_and_transform
    img = nib.load(os.path.join(self._raw_data_dir, fn, filename))
  File "/home/users/washbee1/.local/lib/python3.7/site-packages/nibabel/loadsave.py", line 44, in load
    raise FileNotFoundError(f"No such file or no access: '{filename}'")
FileNotFoundError: No such file or no access: '/v2c/CSR_subset/test_ids.txt/mri.nii.gz'
wandb: Waiting for W&B process to finish, PID 1759698... (failed 1).
wandb: You can sync this run to the cloud by running:
wandb: wandb sync /v2c/experiments/hcp/logs/wandb/offline-run-20221230_193410-hcp
wandb: Find logs at: /v2c/experiments/hcp/logs/wandb/offline-run-20221230_193410-hcp/logs/debug.log
wandb: 
